<?xml version="1.0" encoding="UTF-8"?>
<testsuite errors="0" failures="0" file=".py" name="TestSequenceFunctions-20200726221203" skipped="1" tests="4" time="0.011" timestamp="2020-07-26T22:12:03">
	<testcase classname="TestSequenceFunctions" file="main.py" line="24" name="test_choice" time="0.009" timestamp="2020-07-26T22:12:03">
		<system-out>
<![CDATA[]]>		</system-out>
		<system-err>
<![CDATA[]]>		</system-err>
	</testcase>
	<testcase classname="TestSequenceFunctions" file="main.py" line="28" name="test_sample" time="0.001" timestamp="2020-07-26T22:12:03">
		<system-out>
<![CDATA[]]>		</system-out>
		<system-err>
<![CDATA[]]>		</system-err>
	</testcase>
	<testcase classname="TestSequenceFunctions" file="main.py" line="15" name="test_shuffle" time="0.001" timestamp="2020-07-26T22:12:03">
		<system-out>
<![CDATA[]]>		</system-out>
		<system-err>
<![CDATA[]]>		</system-err>
	</testcase>
	<testcase classname="TestSequenceFunctions" file="main.py" line="11" name="test_skipped" time="0.000" timestamp="2020-07-26T22:12:03">
		<skipped message="demonstrating skipping" type="skip"/>
		<system-out>
<![CDATA[]]>		</system-out>
		<system-err>
<![CDATA[]]>		</system-err>
	</testcase>
</testsuite>
